Traceback (most recent call last):
  File "/home/mibur/anaconda3/envs/dfc-multiverse/lib/python3.11/site-packages/jupyter_cache/executors/utils.py", line 58, in single_nb_execution
    executenb(
  File "/home/mibur/anaconda3/envs/dfc-multiverse/lib/python3.11/site-packages/nbclient/client.py", line 1314, in execute
    return NotebookClient(nb=nb, resources=resources, km=km, **kwargs).execute()
           ^^^^^^^^^^^^^^^^^^^^^^^^^^^^^^^^^^^^^^^^^^^^^^^^^^^^^^^^^^^^^^^^^^^^^
  File "/home/mibur/anaconda3/envs/dfc-multiverse/lib/python3.11/site-packages/jupyter_core/utils/__init__.py", line 173, in wrapped
    return loop.run_until_complete(inner)
           ^^^^^^^^^^^^^^^^^^^^^^^^^^^^^^
  File "/home/mibur/anaconda3/envs/dfc-multiverse/lib/python3.11/asyncio/base_events.py", line 653, in run_until_complete
    return future.result()
           ^^^^^^^^^^^^^^^
  File "/home/mibur/anaconda3/envs/dfc-multiverse/lib/python3.11/site-packages/nbclient/client.py", line 709, in async_execute
    await self.async_execute_cell(
  File "/home/mibur/anaconda3/envs/dfc-multiverse/lib/python3.11/site-packages/nbclient/client.py", line 1062, in async_execute_cell
    await self._check_raise_for_error(cell, cell_index, exec_reply)
  File "/home/mibur/anaconda3/envs/dfc-multiverse/lib/python3.11/site-packages/nbclient/client.py", line 918, in _check_raise_for_error
    raise CellExecutionError.from_cell_and_msg(cell, exec_reply_content)
nbclient.exceptions.CellExecutionError: An error occurred while executing the following cell:
------------------
my_list = ["apple", "banana", 3, 4]

for item in my_list:
	if item == "banana":
    print("Banana!")
  else:
    print("Not a banana.")
------------------


[0;36m  File [0;32m<tokenize>:5[0;36m[0m
[0;31m    print("Banana!")[0m
[0m    ^[0m
[0;31mIndentationError[0m[0;31m:[0m unindent does not match any outer indentation level


